<?xml version="1.0" encoding="UTF-8"?>
<!-- Generated by org.testng.reporters.JUnitReportReporter -->
<testsuite hostname="Ajays-MacBook-Air.local" failures="0" tests="3" name="Testcases.OrangeHRMLoginTest" time="0.026" errors="0" timestamp="2021-09-22T20:39:08 IST" skipped="0">
  <testcase classname="Testcases.OrangeHRMLoginTest" name="loginTest" time="0.005"/>
  <system-out/>
  <testcase classname="Testcases.OrangeHRMLoginTest" name="loginTest" time="0.009"/>
  <system-out/>
  <testcase classname="Testcases.OrangeHRMLoginTest" name="loginTest" time="0.012"/>
  <system-out/>
</testsuite> <!-- Testcases.OrangeHRMLoginTest -->
